<?xml version="1.0" encoding="UTF-8"?>
<testsuite xmlns:xsi="http://www.w3.org/2001/XMLSchema-instance" xsi:noNamespaceSchemaLocation="https://maven.apache.org/surefire/maven-surefire-plugin/xsd/surefire-test-report-3.0.xsd" version="3.0" name="org.example.StudentManagerTest" time="0.159" tests="5" errors="0" skipped="0" failures="0">
  <properties>
[...]
</properties>
  <testcase name="RemoveStudent" classname="org.example.StudentManagerTest" time="0.101"/>
  <testcase name="GetAllStudents" classname="org.example.StudentManagerTest" time="0.004"/>
  <testcase name="GetPreviousStudent" classname="org.example.StudentManagerTest" time="0.006"/>
  <testcase name="AddStudent" classname="org.example.StudentManagerTest" time="0.004"/>
  <testcase name="GetNextStudent" classname="org.example.StudentManagerTest" time="0.005"/>
</testsuite>